<?xml version="1.0" encoding="UTF-8"?>
<!-- Generated by org.testng.reporters.JUnitXMLReporter -->
<testsuite ignored="0" hostname="Farukh" failures="0" tests="2" name="LinuxChrome" time="0.031" errors="0" timestamp="2024-12-11T23:58:09 EST">
  <testcase classname="testCases.TC001_AccountRegistrationTest" name="verifyAccountRegistraion" time="0.0">
    <skipped/>
  </testcase> <!-- verifyAccountRegistraion -->
  <testcase classname="testCases.TC002_LoginTest" name="verifyLogin" time="0.0">
    <skipped/>
  </testcase> <!-- verifyLogin -->
</testsuite> <!-- LinuxChrome -->
