<?xml version="1.0" encoding="UTF-8"?>
<!-- Generated by org.testng.reporters.JUnitXMLReporter -->
<testsuite ignored="0" hostname="Farukh" failures="1" tests="8" name="Test" time="75.94" errors="0" timestamp="2024-12-10T15:22:45 EST">
  <testcase classname="testCases.TC003_LoginDDT" name="verify_loginDDT" time="2.769"/>
  <testcase classname="testCases.TC003_LoginDDT" name="verify_loginDDT" time="11.76"/>
  <testcase classname="testCases.TC003_LoginDDT" name="verify_loginDDT" time="3.353"/>
  <testcase classname="testCases.TC003_LoginDDT" name="verify_loginDDT" time="11.676"/>
  <testcase classname="testCases.TC003_LoginDDT" name="verify_loginDDT" time="3.05">
    <failure type="java.lang.AssertionError" message="expected [true] but found [false]">
      <![CDATA[java.lang.AssertionError: expected [true] but found [false]
at testCases.TC003_LoginDDT.verify_loginDDT(TC003_LoginDDT.java:55)
at java.base/java.util.ArrayList.forEach(ArrayList.java:1597)
... Removed 29 stack frames]]>
    </failure>
  </testcase> <!-- verify_loginDDT -->
  <testcase classname="testCases.TC003_LoginDDT" name="verify_loginDDT" time="11.695"/>
  <testcase classname="testCases.TC003_LoginDDT" name="verify_loginDDT" time="12.286"/>
  <testcase classname="testCases.TC003_LoginDDT" name="verify_loginDDT" time="12.089"/>
</testsuite> <!-- Test -->
