<?xml version="1.0" encoding="UTF-8"?>
<!-- Generated by org.testng.reporters.JUnitXMLReporter -->
<testsuite ignored="0" hostname="Farukh" failures="0" tests="2" name="firefoxtest" time="0.683" errors="0" timestamp="2024-12-10T15:45:12 EST">
  <testcase classname="testCases.TC001_AccountRegistrationTest" name="verifyAccountRegistraion" time="0.0">
    <skipped/>
  </testcase> <!-- verifyAccountRegistraion -->
  <testcase classname="testCases.TC002_LoginTest" name="verifyLogin" time="0.0">
    <skipped/>
  </testcase> <!-- verifyLogin -->
</testsuite> <!-- firefoxtest -->
