<?xml version="1.0" encoding="UTF-8"?>
<!-- Generated by org.testng.reporters.JUnitXMLReporter -->
<testsuite ignored="0" hostname="Farukh" failures="0" tests="2" name="firefoxtest" time="23.875" errors="0" timestamp="2024-12-21T10:09:35 EST">
  <testcase classname="testcases.TC2_Login" name="testLoginWithValidCredentials" time="4.452"/>
  <testcase classname="testcases.TC1_Registration" name="testUserRegistration" time="0.0">
    <skipped/>
  </testcase> <!-- testUserRegistration -->
</testsuite> <!-- firefoxtest -->
