<?xml version="1.0" encoding="UTF-8"?>
<testng-results ignored="0" total="6" passed="6" failed="0" skipped="0">
  <reporter-output>
  </reporter-output>
  <suite started-at="2024-12-21T10:32:57 EST" name="crossbrowsertestingsuite" finished-at="2024-12-21T10:33:28 EST" duration-ms="31361">
    <groups>
      <group name="Master">
        <method signature="TC1_Registration.testUserRegistration()[pri:0, instance:testcases.TC1_Registration@7b94089b]" name="testUserRegistration" class="testcases.TC1_Registration"/>
        <method signature="TC2_Login.testLoginWithValidCredentials()[pri:0, instance:testcases.TC2_Login@24111ef1]" name="testLoginWithValidCredentials" class="testcases.TC2_Login"/>
        <method signature="TC1_Registration.testUserRegistration()[pri:0, instance:testcases.TC1_Registration@4fad9bb2]" name="testUserRegistration" class="testcases.TC1_Registration"/>
        <method signature="TC2_Login.testLoginWithValidCredentials()[pri:0, instance:testcases.TC2_Login@4b3ed2f0]" name="testLoginWithValidCredentials" class="testcases.TC2_Login"/>
        <method signature="TC1_Registration.testUserRegistration()[pri:0, instance:testcases.TC1_Registration@3a12c404]" name="testUserRegistration" class="testcases.TC1_Registration"/>
        <method signature="TC2_Login.testLoginWithValidCredentials()[pri:0, instance:testcases.TC2_Login@7862f56]" name="testLoginWithValidCredentials" class="testcases.TC2_Login"/>
      </group> <!-- Master -->
      <group name="Sanity">
        <method signature="TC2_Login.testLoginWithValidCredentials()[pri:0, instance:testcases.TC2_Login@24111ef1]" name="testLoginWithValidCredentials" class="testcases.TC2_Login"/>
        <method signature="TC2_Login.testLoginWithValidCredentials()[pri:0, instance:testcases.TC2_Login@4b3ed2f0]" name="testLoginWithValidCredentials" class="testcases.TC2_Login"/>
        <method signature="TC2_Login.testLoginWithValidCredentials()[pri:0, instance:testcases.TC2_Login@7862f56]" name="testLoginWithValidCredentials" class="testcases.TC2_Login"/>
      </group> <!-- Sanity -->
      <group name="Regression">
        <method signature="TC1_Registration.testUserRegistration()[pri:0, instance:testcases.TC1_Registration@7b94089b]" name="testUserRegistration" class="testcases.TC1_Registration"/>
        <method signature="TC1_Registration.testUserRegistration()[pri:0, instance:testcases.TC1_Registration@4fad9bb2]" name="testUserRegistration" class="testcases.TC1_Registration"/>
        <method signature="TC1_Registration.testUserRegistration()[pri:0, instance:testcases.TC1_Registration@3a12c404]" name="testUserRegistration" class="testcases.TC1_Registration"/>
      </group> <!-- Regression -->
    </groups>
    <test started-at="2024-12-21T10:32:57 EST" name="chrometest" finished-at="2024-12-21T10:33:03 EST" duration-ms="6635">
      <class name="testcases.TC1_Registration">
        <test-method is-config="true" signature="setUp(java.lang.String,java.lang.String)[pri:0, instance:testcases.TC1_Registration@7b94089b]" started-at="2024-12-21T10:32:57 EST" name="setUp" finished-at="2024-12-21T10:32:58 EST" duration-ms="1410" status="PASS">
          <params>
            <param index="0">
              <value>
                <![CDATA[windows]]>
              </value>
            </param>
            <param index="1">
              <value>
                <![CDATA[chrome]]>
              </value>
            </param>
          </params>
          <reporter-output>
          </reporter-output>
        </test-method> <!-- setUp -->
        <test-method signature="testUserRegistration()[pri:0, instance:testcases.TC1_Registration@7b94089b]" started-at="2024-12-21T10:32:58 EST" name="testUserRegistration" finished-at="2024-12-21T10:33:03 EST" duration-ms="4860" status="PASS">
          <reporter-output>
          </reporter-output>
        </test-method> <!-- testUserRegistration -->
        <test-method is-config="true" signature="tearDown()[pri:0, instance:testcases.TC1_Registration@7b94089b]" started-at="2024-12-21T10:33:03 EST" name="tearDown" finished-at="2024-12-21T10:33:03 EST" duration-ms="171" status="PASS">
          <reporter-output>
          </reporter-output>
        </test-method> <!-- tearDown -->
      </class> <!-- testcases.TC1_Registration -->
      <class name="testcases.TC2_Login">
        <test-method is-config="true" signature="setUp(java.lang.String,java.lang.String)[pri:0, instance:testcases.TC2_Login@24111ef1]" started-at="2024-12-21T10:32:57 EST" name="setUp" finished-at="2024-12-21T10:32:58 EST" duration-ms="1409" status="PASS">
          <params>
            <param index="0">
              <value>
                <![CDATA[windows]]>
              </value>
            </param>
            <param index="1">
              <value>
                <![CDATA[chrome]]>
              </value>
            </param>
          </params>
          <reporter-output>
          </reporter-output>
        </test-method> <!-- setUp -->
        <test-method signature="testLoginWithValidCredentials()[pri:0, instance:testcases.TC2_Login@24111ef1]" started-at="2024-12-21T10:32:58 EST" name="testLoginWithValidCredentials" finished-at="2024-12-21T10:33:03 EST" duration-ms="4565" status="PASS">
          <reporter-output>
          </reporter-output>
        </test-method> <!-- testLoginWithValidCredentials -->
        <test-method is-config="true" signature="tearDown()[pri:0, instance:testcases.TC2_Login@24111ef1]" started-at="2024-12-21T10:33:03 EST" name="tearDown" finished-at="2024-12-21T10:33:03 EST" duration-ms="125" status="PASS">
          <reporter-output>
          </reporter-output>
        </test-method> <!-- tearDown -->
      </class> <!-- testcases.TC2_Login -->
    </test> <!-- chrometest -->
    <test started-at="2024-12-21T10:33:04 EST" name="edgetest" finished-at="2024-12-21T10:33:13 EST" duration-ms="8817">
      <class name="testcases.TC1_Registration">
        <test-method is-config="true" signature="setUp(java.lang.String,java.lang.String)[pri:0, instance:testcases.TC1_Registration@4fad9bb2]" started-at="2024-12-21T10:33:04 EST" name="setUp" finished-at="2024-12-21T10:33:07 EST" duration-ms="2686" status="PASS">
          <params>
            <param index="0">
              <value>
                <![CDATA[windows]]>
              </value>
            </param>
            <param index="1">
              <value>
                <![CDATA[edge]]>
              </value>
            </param>
          </params>
          <reporter-output>
          </reporter-output>
        </test-method> <!-- setUp -->
        <test-method signature="testUserRegistration()[pri:0, instance:testcases.TC1_Registration@4fad9bb2]" started-at="2024-12-21T10:33:07 EST" name="testUserRegistration" finished-at="2024-12-21T10:33:11 EST" duration-ms="4875" status="PASS">
          <reporter-output>
          </reporter-output>
        </test-method> <!-- testUserRegistration -->
        <test-method is-config="true" signature="tearDown()[pri:0, instance:testcases.TC1_Registration@4fad9bb2]" started-at="2024-12-21T10:33:11 EST" name="tearDown" finished-at="2024-12-21T10:33:13 EST" duration-ms="1250" status="PASS">
          <reporter-output>
          </reporter-output>
        </test-method> <!-- tearDown -->
      </class> <!-- testcases.TC1_Registration -->
      <class name="testcases.TC2_Login">
        <test-method is-config="true" signature="setUp(java.lang.String,java.lang.String)[pri:0, instance:testcases.TC2_Login@4b3ed2f0]" started-at="2024-12-21T10:33:04 EST" name="setUp" finished-at="2024-12-21T10:33:05 EST" duration-ms="1153" status="PASS">
          <params>
            <param index="0">
              <value>
                <![CDATA[windows]]>
              </value>
            </param>
            <param index="1">
              <value>
                <![CDATA[edge]]>
              </value>
            </param>
          </params>
          <reporter-output>
          </reporter-output>
        </test-method> <!-- setUp -->
        <test-method signature="testLoginWithValidCredentials()[pri:0, instance:testcases.TC2_Login@4b3ed2f0]" started-at="2024-12-21T10:33:05 EST" name="testLoginWithValidCredentials" finished-at="2024-12-21T10:33:09 EST" duration-ms="4088" status="PASS">
          <reporter-output>
          </reporter-output>
        </test-method> <!-- testLoginWithValidCredentials -->
        <test-method is-config="true" signature="tearDown()[pri:0, instance:testcases.TC2_Login@4b3ed2f0]" started-at="2024-12-21T10:33:09 EST" name="tearDown" finished-at="2024-12-21T10:33:10 EST" duration-ms="1216" status="PASS">
          <reporter-output>
          </reporter-output>
        </test-method> <!-- tearDown -->
      </class> <!-- testcases.TC2_Login -->
    </test> <!-- edgetest -->
    <test started-at="2024-12-21T10:33:13 EST" name="firefoxtest" finished-at="2024-12-21T10:33:28 EST" duration-ms="15229">
      <class name="testcases.TC1_Registration">
        <test-method is-config="true" signature="setUp(java.lang.String,java.lang.String)[pri:0, instance:testcases.TC1_Registration@3a12c404]" started-at="2024-12-21T10:33:13 EST" name="setUp" finished-at="2024-12-21T10:33:16 EST" duration-ms="3372" status="PASS">
          <params>
            <param index="0">
              <value>
                <![CDATA[windows]]>
              </value>
            </param>
            <param index="1">
              <value>
                <![CDATA[firefox]]>
              </value>
            </param>
          </params>
          <reporter-output>
          </reporter-output>
        </test-method> <!-- setUp -->
        <test-method signature="testUserRegistration()[pri:0, instance:testcases.TC1_Registration@3a12c404]" started-at="2024-12-21T10:33:16 EST" name="testUserRegistration" finished-at="2024-12-21T10:33:21 EST" duration-ms="4792" status="PASS">
          <reporter-output>
          </reporter-output>
        </test-method> <!-- testUserRegistration -->
        <test-method is-config="true" signature="tearDown()[pri:0, instance:testcases.TC1_Registration@3a12c404]" started-at="2024-12-21T10:33:21 EST" name="tearDown" finished-at="2024-12-21T10:33:22 EST" duration-ms="820" status="PASS">
          <reporter-output>
          </reporter-output>
        </test-method> <!-- tearDown -->
      </class> <!-- testcases.TC1_Registration -->
      <class name="testcases.TC2_Login">
        <test-method is-config="true" signature="setUp(java.lang.String,java.lang.String)[pri:0, instance:testcases.TC2_Login@7862f56]" started-at="2024-12-21T10:33:13 EST" name="setUp" finished-at="2024-12-21T10:33:17 EST" duration-ms="3812" status="PASS">
          <params>
            <param index="0">
              <value>
                <![CDATA[windows]]>
              </value>
            </param>
            <param index="1">
              <value>
                <![CDATA[firefox]]>
              </value>
            </param>
          </params>
          <reporter-output>
          </reporter-output>
        </test-method> <!-- setUp -->
        <test-method signature="testLoginWithValidCredentials()[pri:0, instance:testcases.TC2_Login@7862f56]" started-at="2024-12-21T10:33:17 EST" name="testLoginWithValidCredentials" finished-at="2024-12-21T10:33:27 EST" duration-ms="10608" status="PASS">
          <reporter-output>
          </reporter-output>
        </test-method> <!-- testLoginWithValidCredentials -->
        <test-method is-config="true" signature="tearDown()[pri:0, instance:testcases.TC2_Login@7862f56]" started-at="2024-12-21T10:33:27 EST" name="tearDown" finished-at="2024-12-21T10:33:28 EST" duration-ms="803" status="PASS">
          <reporter-output>
          </reporter-output>
        </test-method> <!-- tearDown -->
      </class> <!-- testcases.TC2_Login -->
    </test> <!-- firefoxtest -->
  </suite> <!-- crossbrowsertestingsuite -->
</testng-results>
